Logfile initialized
[INFO] logfile = /Users/bgrantges/trees/appcelerator-se/TiHybridDemo/build.log
[DEBUG] /Users/bgrantges/Library/Application Support/Titanium/mobilesdk/osx/2.1.1.GA/android/builder.py simulator TiHybridDemo /android-sdk /Users/bgrantges/trees/appcelerator-se/TiHybridDemo com.appc.hybriddemo 6 WVGA800 
[INFO] Building TiHybridDemo for Android ... one moment
[INFO] Titanium SDK version: 2.1.1 (07/27/12 14:01 0fd84a2)
[DEBUG] Waiting for device to be ready ...
[TRACE] adb devices returned 1 devices/emulators
[TRACE] adb devices returned 1 devices/emulators
[TRACE] adb devices returned 1 devices/emulators
[TRACE] adb devices returned 1 devices/emulators
[DEBUG] Device connected... (waited 15 seconds)
[DEBUG] waited 15.144382 seconds on emulator to get ready
[INFO] Waiting for the Android Emulator to become available
[ERROR] Timed out waiting for android.process.acore
[DEBUG] com.appc.hybriddemo installed? False
[INFO] Fastdev server running, deploying in Fastdev mode
[INFO] Copying CommonJS modules...
[INFO] Copying project resources..
[INFO] Tiapp.xml unchanged, skipping class generation
[DEBUG] Processing Android resource drawables
[DEBUG] found drawable-long-land-hdpi splash screen at /Users/bgrantges/trees/appcelerator-se/TiHybridDemo/Resources/android/images/res-long-land-hdpi/default.png
[DEBUG] found drawable-long-land-ldpi splash screen at /Users/bgrantges/trees/appcelerator-se/TiHybridDemo/Resources/android/images/res-long-land-ldpi/default.png
[DEBUG] found drawable-long-port-hdpi splash screen at /Users/bgrantges/trees/appcelerator-se/TiHybridDemo/Resources/android/images/res-long-port-hdpi/default.png
[DEBUG] found drawable-long-port-ldpi splash screen at /Users/bgrantges/trees/appcelerator-se/TiHybridDemo/Resources/android/images/res-long-port-ldpi/default.png
[DEBUG] found drawable-notlong-land-hdpi splash screen at /Users/bgrantges/trees/appcelerator-se/TiHybridDemo/Resources/android/images/res-notlong-land-hdpi/default.png
[DEBUG] found drawable-notlong-land-ldpi splash screen at /Users/bgrantges/trees/appcelerator-se/TiHybridDemo/Resources/android/images/res-notlong-land-ldpi/default.png
[DEBUG] found drawable-notlong-land-mdpi splash screen at /Users/bgrantges/trees/appcelerator-se/TiHybridDemo/Resources/android/images/res-notlong-land-mdpi/default.png
[DEBUG] found drawable-notlong-port-hdpi splash screen at /Users/bgrantges/trees/appcelerator-se/TiHybridDemo/Resources/android/images/res-notlong-port-hdpi/default.png
[DEBUG] found drawable-notlong-port-ldpi splash screen at /Users/bgrantges/trees/appcelerator-se/TiHybridDemo/Resources/android/images/res-notlong-port-ldpi/default.png
[DEBUG] found drawable-notlong-port-mdpi splash screen at /Users/bgrantges/trees/appcelerator-se/TiHybridDemo/Resources/android/images/res-notlong-port-mdpi/default.png
[INFO] Waiting for SDCard to become available..
[ERROR] Timed out waiting for SDCard to become available (60s)
[DEBUG] creating unsigned apk: /Users/bgrantges/trees/appcelerator-se/TiHybridDemo/build/android/bin/app-unsigned.apk
[DEBUG] from resource zip => assets/Resources/html/css/main.css
[DEBUG] from resource zip => assets/Resources/html/images/app-background.png
[DEBUG] from resource zip => assets/Resources/html/images/appc-header-bkg.png
[DEBUG] from resource zip => assets/Resources/html/images/appc-tabbar-bkg.png
[DEBUG] from resource zip => assets/Resources/html/images/appc_header_bkg.png
[DEBUG] from resource zip => assets/Resources/html/images/appcelerator-brand.png
[DEBUG] from resource zip => assets/Resources/html/images/bar_bg.png
[DEBUG] from resource zip => assets/Resources/html/images/bar_bg@2x.png
[DEBUG] from resource zip => assets/Resources/html/images/bg.png
[DEBUG] from resource zip => assets/Resources/html/images/bg@2x.png
[DEBUG] from resource zip => assets/Resources/html/images/button_bg.png
[DEBUG] from resource zip => assets/Resources/html/images/button_bg2.png
[DEBUG] from resource zip => assets/Resources/html/images/button_bg2@2x.png
[DEBUG] from resource zip => assets/Resources/html/images/button_bg@2x.png
[DEBUG] from resource zip => assets/Resources/html/images/camera.png
[DEBUG] from resource zip => assets/Resources/html/images/camera@2x.png
[DEBUG] from resource zip => assets/Resources/html/images/cancel.png
[DEBUG] from resource zip => assets/Resources/html/images/cancel@2x.png
[DEBUG] from resource zip => assets/Resources/html/images/default-profile.png
[DEBUG] from resource zip => assets/Resources/html/images/default-profile@2x.png
[DEBUG] from resource zip => assets/Resources/html/images/emulation.png
[DEBUG] from resource zip => assets/Resources/html/images/filter-gray.png
[DEBUG] from resource zip => assets/Resources/html/images/filter-gray@2x.png
[DEBUG] from resource zip => assets/Resources/html/images/filter-lomo.png
[DEBUG] from resource zip => assets/Resources/html/images/filter-lomo@2x.png
[DEBUG] from resource zip => assets/Resources/html/images/filter-love.png
[DEBUG] from resource zip => assets/Resources/html/images/filter-love@2x.png
[DEBUG] from resource zip => assets/Resources/html/images/filter-normal.png
[DEBUG] from resource zip => assets/Resources/html/images/filter-normal@2x.png
[DEBUG] from resource zip => assets/Resources/html/images/filter-orangepeel.png
[DEBUG] from resource zip => assets/Resources/html/images/filter-orangepeel@2x.png
[DEBUG] from resource zip => assets/Resources/html/images/filter-vintage.png
[DEBUG] from resource zip => assets/Resources/html/images/filter-vintage@2x.png
[DEBUG] from resource zip => assets/Resources/html/images/filter.png
[DEBUG] from resource zip => assets/Resources/html/images/filter@2x.png
[DEBUG] from resource zip => assets/Resources/html/images/flash.png
[DEBUG] from resource zip => assets/Resources/html/images/flash@2x.png
[DEBUG] from resource zip => assets/Resources/html/images/focus.png
[DEBUG] from resource zip => assets/Resources/html/images/focus@2x.png
[DEBUG] from resource zip => assets/Resources/html/images/frm-button.png
[DEBUG] from resource zip => assets/Resources/html/images/frm-curstep-indicator.png
[DEBUG] from resource zip => assets/Resources/html/images/frm-lock-icon.png
[DEBUG] from resource zip => assets/Resources/html/images/frm-mail-icon.png
[DEBUG] from resource zip => assets/Resources/html/images/frm-profile-icon.png
[DEBUG] from resource zip => assets/Resources/html/images/frm-step-separator.png
[DEBUG] from resource zip => assets/Resources/html/images/frm-textfield-bkg.png
[DEBUG] from resource zip => assets/Resources/html/images/heart.png
[DEBUG] from resource zip => assets/Resources/html/images/home.png
[DEBUG] from resource zip => assets/Resources/html/images/home_s.png
[DEBUG] from resource zip => assets/Resources/html/images/house-tab-icon.png
[DEBUG] from resource zip => assets/Resources/html/images/house.png
[DEBUG] from resource zip => assets/Resources/html/images/news-tab-icon.png
[DEBUG] from resource zip => assets/Resources/html/images/newspaper.png
[DEBUG] from resource zip => assets/Resources/html/images/photogram.png
[DEBUG] from resource zip => assets/Resources/html/images/popular-tab-icon.png
[DEBUG] from resource zip => assets/Resources/html/images/profile-tab-icon.png
[DEBUG] from resource zip => assets/Resources/html/images/star.png
[DEBUG] from resource zip => assets/Resources/html/images/stripes-bkg.png
[DEBUG] from resource zip => assets/Resources/html/images/stripes-title-bkg.png
[DEBUG] from resource zip => assets/Resources/html/images/sw_cam.png
[DEBUG] from resource zip => assets/Resources/html/images/sw_cam@2x.png
[DEBUG] from resource zip => assets/Resources/html/images/tab-overlay.png
[DEBUG] from resource zip => assets/Resources/html/images/tiltshift.png
[DEBUG] from resource zip => assets/Resources/html/images/tiltshift@2x.png
[DEBUG] from resource zip => assets/Resources/html/images/winBackground.png
[DEBUG] from resource zip => assets/Resources/html/images/wood.jpg
[DEBUG] from resource zip => assets/Resources/html/js/tibridge.js
[DEBUG] from resource zip => assets/Resources/html/index.html
[DEBUG] from resource zip => assets/Resources/html/index.old
[DEBUG] from resource zip => assets/Resources/html/page2.html
[DEBUG] from resource zip => assets/Resources/images/close-button.png
[DEBUG] from resource zip => assets/Resources/images/movie.mp4
[DEBUG] from resource zip => assets/Resources/KS_nav_ui.png
[DEBUG] from resource zip => assets/Resources/KS_nav_views.png
[DEBUG] from resource zip => assets/Resources/app.js
[DEBUG] from resource zip => assets/Resources/appicon.png
[DEBUG] from resource zip => assets/Resources/default.png
[DEBUG] from resource zip => assets/app.json
[DEBUG] from resource zip => assets/index.json
[DEBUG] from resource zip => assets/tiapp.xml
[DEBUG] from resource zip => res/drawable/appicon.png
[DEBUG] from resource zip => res/drawable/background.png
[DEBUG] from resource zip => res/drawable/close.png
[DEBUG] from resource zip => res/drawable/facebook_login.png
[DEBUG] from resource zip => res/drawable/facebook_login_down.png
[DEBUG] from resource zip => res/drawable/facebook_login_wide.png
[DEBUG] from resource zip => res/drawable/facebook_login_wide_down.png
[DEBUG] from resource zip => res/drawable/facebook_logout.png
[DEBUG] from resource zip => res/drawable/facebook_logout_down.png
[DEBUG] from resource zip => res/layout/titanium_tabgroup.xml
[DEBUG] from resource zip => AndroidManifest.xml
[DEBUG] from resource zip => resources.arsc
[DEBUG] from resource zip => res/drawable-hdpi/close.png
[DEBUG] from resource zip => res/drawable-ldpi/close.png
[DEBUG] from resource zip => res/drawable-long-land-hdpi/background.png
[DEBUG] from resource zip => res/drawable-long-land-hdpi/default_d44e27d97b.png
[DEBUG] from resource zip => res/drawable-long-land-ldpi/background.png
[DEBUG] from resource zip => res/drawable-long-land-ldpi/default_d44e27d97b.png
[DEBUG] from resource zip => res/drawable-long-port-hdpi/background.png
[DEBUG] from resource zip => res/drawable-long-port-hdpi/default_d44e27d97b.png
[DEBUG] from resource zip => res/drawable-long-port-ldpi/background.png
[DEBUG] from resource zip => res/drawable-long-port-ldpi/default_d44e27d97b.png
[DEBUG] from resource zip => res/drawable-notlong-land-hdpi/background.png
[DEBUG] from resource zip => res/drawable-notlong-land-hdpi/default_d44e27d97b.png
[DEBUG] from resource zip => res/drawable-notlong-land-ldpi/background.png
[DEBUG] from resource zip => res/drawable-notlong-land-ldpi/default_d44e27d97b.png
[DEBUG] from resource zip => res/drawable-notlong-land-mdpi/background.png
[DEBUG] from resource zip => res/drawable-notlong-land-mdpi/default_d44e27d97b.png
[DEBUG] from resource zip => res/drawable-notlong-port-hdpi/background.png
[DEBUG] from resource zip => res/drawable-notlong-port-hdpi/default_d44e27d97b.png
[DEBUG] from resource zip => res/drawable-notlong-port-ldpi/background.png
[DEBUG] from resource zip => res/drawable-notlong-port-ldpi/default_d44e27d97b.png
[DEBUG] from resource zip => res/drawable-notlong-port-mdpi/background.png
[DEBUG] from resource zip => res/drawable-notlong-port-mdpi/default_d44e27d97b.png
[DEBUG] from JAR /Users/bgrantges/Library/Application Support/Titanium/mobilesdk/osx/2.1.1.GA/android/modules/titanium-facebook.jar => ti/modules/titanium/facebook/LICENSE
[DEBUG] from JAR /Users/bgrantges/Library/Application Support/Titanium/mobilesdk/osx/2.1.1.GA/android/thirdparty.jar => org/apache/Commons-NOTICE.txt
[DEBUG] from JAR /Users/bgrantges/Library/Application Support/Titanium/mobilesdk/osx/2.1.1.GA/android/thirdparty.jar => org/apache/HttpComponents-NOTICE.txt
[DEBUG] from JAR /Users/bgrantges/Library/Application Support/Titanium/mobilesdk/osx/2.1.1.GA/android/thirdparty.jar => org/apache/mime4j-NOTICE.txt
[DEBUG] from JAR /Users/bgrantges/Library/Application Support/Titanium/mobilesdk/osx/2.1.1.GA/android/titanium.jar => org/appcelerator/titanium/build.properties
[DEBUG] from JAR /Users/bgrantges/Library/Application Support/Titanium/mobilesdk/osx/2.1.1.GA/android/titanium.jar => org/appcelerator/titanium/res/drawable/background.png
[DEBUG] from JAR /Users/bgrantges/Library/Application Support/Titanium/mobilesdk/osx/2.1.1.GA/android/titanium.jar => org/appcelerator/titanium/res/drawable/btn_check_buttonless_on.png
[DEBUG] from JAR /Users/bgrantges/Library/Application Support/Titanium/mobilesdk/osx/2.1.1.GA/android/titanium.jar => org/appcelerator/titanium/res/drawable/btn_check_buttonless_on_18.png
[DEBUG] from JAR /Users/bgrantges/Library/Application Support/Titanium/mobilesdk/osx/2.1.1.GA/android/titanium.jar => org/appcelerator/titanium/res/drawable/btn_check_buttonless_on_48.png
[DEBUG] from JAR /Users/bgrantges/Library/Application Support/Titanium/mobilesdk/osx/2.1.1.GA/android/titanium.jar => org/appcelerator/titanium/res/drawable/btn_more.png
[DEBUG] from JAR /Users/bgrantges/Library/Application Support/Titanium/mobilesdk/osx/2.1.1.GA/android/titanium.jar => org/appcelerator/titanium/res/drawable/btn_more_18.png
[DEBUG] from JAR /Users/bgrantges/Library/Application Support/Titanium/mobilesdk/osx/2.1.1.GA/android/titanium.jar => org/appcelerator/titanium/res/drawable/btn_more_48.png
[DEBUG] from JAR /Users/bgrantges/Library/Application Support/Titanium/mobilesdk/osx/2.1.1.GA/android/titanium.jar => org/appcelerator/titanium/res/drawable/btn_picker_normal.9.png
[DEBUG] from JAR /Users/bgrantges/Library/Application Support/Titanium/mobilesdk/osx/2.1.1.GA/android/titanium.jar => org/appcelerator/titanium/res/drawable/btn_picker_pressed.9.png
[DEBUG] from JAR /Users/bgrantges/Library/Application Support/Titanium/mobilesdk/osx/2.1.1.GA/android/titanium.jar => org/appcelerator/titanium/res/drawable/btn_picker_selected.9.png
[DEBUG] from JAR /Users/bgrantges/Library/Application Support/Titanium/mobilesdk/osx/2.1.1.GA/android/titanium.jar => org/appcelerator/titanium/res/drawable/default_icon.png
[DEBUG] from JAR /Users/bgrantges/Library/Application Support/Titanium/mobilesdk/osx/2.1.1.GA/android/titanium.jar => org/appcelerator/titanium/res/drawable/photoDefault.png
[DEBUG] from JAR /Users/bgrantges/Library/Application Support/Titanium/mobilesdk/osx/2.1.1.GA/android/modules/titanium-ui.jar => ti/modules/titanium/ui/widget/webview/binding.js
[DEBUG] from JAR /Users/bgrantges/Library/Application Support/Titanium/mobilesdk/osx/2.1.1.GA/android/modules/titanium-ui.jar => ti/modules/titanium/ui/widget/webview/binding.min.js
[DEBUG] from JAR /Users/bgrantges/Library/Application Support/Titanium/mobilesdk/osx/2.1.1.GA/android/modules/titanium-ui.jar => ti/modules/titanium/ui/widget/webview/json2.js
[DEBUG] from JAR /Users/bgrantges/Library/Application Support/Titanium/mobilesdk/osx/2.1.1.GA/android/modules/titanium-ui.jar => ti/modules/titanium/ui/widget/webview/polling.js
[DEBUG] from JAR /Users/bgrantges/Library/Application Support/Titanium/mobilesdk/osx/2.1.1.GA/android/modules/titanium-ui.jar => ti/modules/titanium/ui/widget/webview/polling.min.js
[DEBUG] installing native SDK libs
[DEBUG] Waiting for device to be ready ...
[TRACE] adb devices returned 1 devices/emulators
[DEBUG] Device connected... (waited 0 seconds)
[DEBUG] waited 0.034476 seconds on emulator to get ready
[INFO] Installing application on emulator
[INFO] Launching application ... TiHybridDemo
[TRACE] Launch output: Starting: Intent { act=android.intent.action.MAIN cat=[android.intent.category.LAUNCHER] cmp=com.appc.hybriddemo/.TihybriddemoActivity }

[INFO] Deployed TiHybridDemo ... Application should be running.
[DEBUG] signal caught: 15
